pdb	name	ACC	RSA
1A2T_A	L	100 	0.4975124378109453
1A2T_A	H	149 	0.6651785714285714
1A2T_A	K	 70 	0.2966101694915254
1A2T_A	E	 47 	0.21076233183856502
1A2T_A	P	 97 	0.610062893081761
1A2T_A	A	 13 	0.10077519379844961
1A2T_A	T	 95 	0.5523255813953488
1A2T_A	L	 45 	0.22388059701492538
1A2T_A	I	 72 	0.36548223350253806
1A2T_A	K	112 	0.4745762711864407
1A2T_A	A	 12 	0.09302325581395349
1A2T_A	I	 71 	0.3604060913705584
1A2T_A	D	 15 	0.07772020725388601
1A2T_A	G	  0 	0.0
1A2T_A	D	 10 	0.05181347150259067
1A2T_A	T	 30 	0.1744186046511628
1A2T_A	K	 89 	0.3771186440677966
1A2T_A	L	  9 	0.04477611940298507
1A2T_A	M	 70 	0.3125
1A2T_A	Y	 21 	0.07984790874524715
1A2T_A	K	153 	0.6483050847457628
1A2T_A	G	 71 	0.6826923076923077
1A2T_A	Q	106 	0.4711111111111111
1A2T_A	P	 46 	0.2893081761006289
1A2T_A	M	 52 	0.23214285714285715
1A2T_A	T	 45 	0.2616279069767442
1A2T_A	F	  6 	0.025
1A2T_A	R	 17 	0.06204379562043796
1A2T_A	L	  9 	0.04477611940298507
1A2T_A	L	 10 	0.04975124378109453
1A2T_A	L	  4 	0.01990049751243781
1A2T_A	V	  0 	0.0
1A2T_A	D	 36 	0.18652849740932642
1A2T_A	T	  2 	0.011627906976744186
1A2T_A	P	  8 	0.050314465408805034
1A2T_A	E	 42 	0.18834080717488788
1A2T_A	T	 52 	0.3023255813953488
1A2T_A	K	165 	0.6991525423728814
1A2T_A	H	 76 	0.3392857142857143
1A2T_A	P	117 	0.7358490566037735
1A2T_A	K	168 	0.711864406779661
1A2T_A	K	102 	0.4322033898305085
1A2T_A	G	 28 	0.2692307692307692
1A2T_A	V	 97 	0.5574712643678161
1A2T_A	E	 55 	0.24663677130044842
1A2T_A	K	162 	0.6864406779661016
1A2T_A	Y	 38 	0.1444866920152091
1A2T_A	G	  0 	0.0
1A2T_A	P	 57 	0.3584905660377358
1A2T_A	E	 96 	0.4304932735426009
1A2T_A	A	  0 	0.0
1A2T_A	S	 10 	0.06451612903225806
1A2T_A	A	 34 	0.26356589147286824
1A2T_A	F	 68 	0.2833333333333333
1A2T_A	T	 10 	0.05813953488372093
1A2T_A	K	 64 	0.2711864406779661
1A2T_A	K	113 	0.4788135593220339
1A2T_A	M	 37 	0.16517857142857142
1A2T_A	V	 15 	0.08620689655172414
1A2T_A	E	123 	0.5515695067264574
1A2T_A	N	106 	0.5435897435897435
1A2T_A	A	 22 	0.17054263565891473
1A2T_A	K	151 	0.6398305084745762
1A2T_A	K	140 	0.5932203389830508
1A2T_A	I	 13 	0.06598984771573604
1A2T_A	E	 58 	0.2600896860986547
1A2T_A	V	  0 	0.0
1A2T_A	E	 12 	0.053811659192825115
1A2T_A	F	 15 	0.0625
1A2T_A	D	 12 	0.06217616580310881
1A2T_A	K	133 	0.5635593220338984
1A2T_A	G	 21 	0.20192307692307693
1A2T_A	Q	 84 	0.37333333333333335
1A2T_A	R	133 	0.4854014598540146
1A2T_A	T	 65 	0.37790697674418605
1A2T_A	D	 31 	0.16062176165803108
1A2T_A	K	179 	0.7584745762711864
1A2T_A	Y	154 	0.5855513307984791
1A2T_A	G	 53 	0.5096153846153846
1A2T_A	R	 67 	0.24452554744525548
1A2T_A	G	  6 	0.057692307692307696
1A2T_A	L	 25 	0.12437810945273632
1A2T_A	A	  0 	0.0
1A2T_A	Y	  0 	0.0
1A2T_A	I	 14 	0.07106598984771574
1A2T_A	Y	 19 	0.07224334600760456
1A2T_A	A	  2 	0.015503875968992248
1A2T_A	D	 62 	0.32124352331606215
1A2T_A	G	 51 	0.49038461538461536
1A2T_A	K	112 	0.4745762711864407
1A2T_A	M	 20 	0.08928571428571429
1A2T_A	V	  2 	0.011494252873563218
1A2T_A	N	  0 	0.0
1A2T_A	E	 21 	0.09417040358744394
1A2T_A	A	  8 	0.06201550387596899
1A2T_A	L	  0 	0.0
1A2T_A	V	  0 	0.0
1A2T_A	R	125 	0.4562043795620438
1A2T_A	Q	 77 	0.3422222222222222
1A2T_A	G	  0 	0.0
1A2T_A	L	  6 	0.029850746268656716
1A2T_A	A	  0 	0.0
1A2T_A	K	 99 	0.4194915254237288
1A2T_A	V	 18 	0.10344827586206896
1A2T_A	A	 26 	0.20155038759689922
1A2T_A	Y	155 	0.5893536121673004
1A2T_A	V	 49 	0.28160919540229884
1A2T_A	Y	142 	0.5399239543726235
1A2T_A	K	135 	0.5720338983050848
1A2T_A	P	 55 	0.34591194968553457
1A2T_A	N	  3 	0.015384615384615385
1A2T_A	N	 21 	0.1076923076923077
1A2T_A	T	 54 	0.313953488372093
1A2T_A	H	 35 	0.15625
1A2T_A	E	 39 	0.17488789237668162
1A2T_A	Q	124 	0.5511111111111111
1A2T_A	H	 92 	0.4107142857142857
1A2T_A	L	  0 	0.0
1A2T_A	R	 96 	0.35036496350364965
1A2T_A	K	131 	0.5550847457627118
1A2T_A	S	 14 	0.09032258064516129
1A2T_A	E	 13 	0.05829596412556054
1A2T_A	A	 26 	0.20155038759689922
1A2T_A	Q	 90 	0.4
1A2T_A	A	  0 	0.0
1A2T_A	K	 80 	0.3389830508474576
1A2T_A	K	131 	0.5550847457627118
1A2T_A	E	121 	0.5426008968609866
1A2T_A	K	131 	0.5550847457627118
1A2T_A	L	 53 	0.263681592039801
1A2T_A	N	 42 	0.2153846153846154
1A2T_A	I	 30 	0.15228426395939088
1A2T_A	W	 61 	0.21403508771929824
1A2T_A	S	116 	0.7483870967741936
